<?xml version="1.0" encoding="UTF-8"?>
<testsuite xmlns:xsi="http://www.w3.org/2001/XMLSchema-instance" xsi:noNamespaceSchemaLocation="https://maven.apache.org/surefire/maven-surefire-plugin/xsd/surefire-test-report.xsd" name="com.example.llk.SpringbootLlkApplicationTests" time="3.875" tests="1" errors="0" skipped="0" failures="0">
  <properties>
    <property name="sun.desktop" value="windows"/>
    <property name="awt.toolkit" value="sun.awt.windows.WToolkit"/>
    <property name="file.encoding.pkg" value="sun.io"/>
    <property name="java.specification.version" value="1.8"/>
    <property name="sun.cpu.isalist" value="amd64"/>
    <property name="sun.jnu.encoding" value="GBK"/>
    <property name="java.class.path" value="F:\GitHub\llkRepository\springboot_llk\target\test-classes;F:\GitHub\llkRepository\springboot_llk\target\classes;F:\maven\Repository\org\springframework\boot\spring-boot-starter-web\2.0.2.RELEASE\spring-boot-starter-web-2.0.2.RELEASE.jar;F:\maven\Repository\org\springframework\boot\spring-boot-starter\2.0.2.RELEASE\spring-boot-starter-2.0.2.RELEASE.jar;F:\maven\Repository\org\springframework\boot\spring-boot\2.0.2.RELEASE\spring-boot-2.0.2.RELEASE.jar;F:\maven\Repository\org\springframework\boot\spring-boot-autoconfigure\2.0.2.RELEASE\spring-boot-autoconfigure-2.0.2.RELEASE.jar;F:\maven\Repository\org\yaml\snakeyaml\1.19\snakeyaml-1.19.jar;F:\maven\Repository\org\springframework\boot\spring-boot-starter-json\2.0.2.RELEASE\spring-boot-starter-json-2.0.2.RELEASE.jar;F:\maven\Repository\com\fasterxml\jackson\core\jackson-databind\2.9.5\jackson-databind-2.9.5.jar;F:\maven\Repository\com\fasterxml\jackson\core\jackson-core\2.9.5\jackson-core-2.9.5.jar;F:\maven\Repository\com\fasterxml\jackson\datatype\jackson-datatype-jdk8\2.9.5\jackson-datatype-jdk8-2.9.5.jar;F:\maven\Repository\com\fasterxml\jackson\datatype\jackson-datatype-jsr310\2.9.5\jackson-datatype-jsr310-2.9.5.jar;F:\maven\Repository\com\fasterxml\jackson\module\jackson-module-parameter-names\2.9.5\jackson-module-parameter-names-2.9.5.jar;F:\maven\Repository\org\hibernate\validator\hibernate-validator\6.0.9.Final\hibernate-validator-6.0.9.Final.jar;F:\maven\Repository\javax\validation\validation-api\2.0.1.Final\validation-api-2.0.1.Final.jar;F:\maven\Repository\org\jboss\logging\jboss-logging\3.3.2.Final\jboss-logging-3.3.2.Final.jar;F:\maven\Repository\org\springframework\spring-web\5.0.6.RELEASE\spring-web-5.0.6.RELEASE.jar;F:\maven\Repository\org\springframework\spring-beans\5.0.6.RELEASE\spring-beans-5.0.6.RELEASE.jar;F:\maven\Repository\org\springframework\spring-webmvc\5.0.6.RELEASE\spring-webmvc-5.0.6.RELEASE.jar;F:\maven\Repository\org\springframework\spring-aop\5.0.6.RELEASE\spring-aop-5.0.6.RELEASE.jar;F:\maven\Repository\org\springframework\spring-context\5.0.6.RELEASE\spring-context-5.0.6.RELEASE.jar;F:\maven\Repository\org\springframework\spring-expression\5.0.6.RELEASE\spring-expression-5.0.6.RELEASE.jar;F:\maven\Repository\org\springframework\boot\spring-boot-starter-log4j2\2.0.2.RELEASE\spring-boot-starter-log4j2-2.0.2.RELEASE.jar;F:\maven\Repository\org\apache\logging\log4j\log4j-slf4j-impl\2.10.0\log4j-slf4j-impl-2.10.0.jar;F:\maven\Repository\org\apache\logging\log4j\log4j-api\2.10.0\log4j-api-2.10.0.jar;F:\maven\Repository\org\apache\logging\log4j\log4j-core\2.10.0\log4j-core-2.10.0.jar;F:\maven\Repository\org\slf4j\jul-to-slf4j\1.7.25\jul-to-slf4j-1.7.25.jar;F:\maven\Repository\org\springframework\boot\spring-boot-starter-tomcat\2.0.2.RELEASE\spring-boot-starter-tomcat-2.0.2.RELEASE.jar;F:\maven\Repository\javax\annotation\javax.annotation-api\1.3.2\javax.annotation-api-1.3.2.jar;F:\maven\Repository\org\apache\tomcat\embed\tomcat-embed-core\8.5.31\tomcat-embed-core-8.5.31.jar;F:\maven\Repository\org\apache\tomcat\embed\tomcat-embed-el\8.5.31\tomcat-embed-el-8.5.31.jar;F:\maven\Repository\org\apache\tomcat\embed\tomcat-embed-websocket\8.5.31\tomcat-embed-websocket-8.5.31.jar;F:\maven\Repository\org\springframework\boot\spring-boot-starter-test\2.0.2.RELEASE\spring-boot-starter-test-2.0.2.RELEASE.jar;F:\maven\Repository\org\springframework\boot\spring-boot-test\2.0.2.RELEASE\spring-boot-test-2.0.2.RELEASE.jar;F:\maven\Repository\org\springframework\boot\spring-boot-test-autoconfigure\2.0.2.RELEASE\spring-boot-test-autoconfigure-2.0.2.RELEASE.jar;F:\maven\Repository\com\jayway\jsonpath\json-path\2.4.0\json-path-2.4.0.jar;F:\maven\Repository\net\minidev\json-smart\2.3\json-smart-2.3.jar;F:\maven\Repository\net\minidev\accessors-smart\1.2\accessors-smart-1.2.jar;F:\maven\Repository\org\ow2\asm\asm\5.0.4\asm-5.0.4.jar;F:\maven\Repository\junit\junit\4.12\junit-4.12.jar;F:\maven\Repository\org\assertj\assertj-core\3.9.1\assertj-core-3.9.1.jar;F:\maven\Repository\org\mockito\mockito-core\2.15.0\mockito-core-2.15.0.jar;F:\maven\Repository\net\bytebuddy\byte-buddy\1.7.11\byte-buddy-1.7.11.jar;F:\maven\Repository\net\bytebuddy\byte-buddy-agent\1.7.11\byte-buddy-agent-1.7.11.jar;F:\maven\Repository\org\objenesis\objenesis\2.6\objenesis-2.6.jar;F:\maven\Repository\org\hamcrest\hamcrest-core\1.3\hamcrest-core-1.3.jar;F:\maven\Repository\org\hamcrest\hamcrest-library\1.3\hamcrest-library-1.3.jar;F:\maven\Repository\org\skyscreamer\jsonassert\1.5.0\jsonassert-1.5.0.jar;F:\maven\Repository\com\vaadin\external\google\android-json\0.0.20131108.vaadin1\android-json-0.0.20131108.vaadin1.jar;F:\maven\Repository\org\springframework\spring-core\5.0.6.RELEASE\spring-core-5.0.6.RELEASE.jar;F:\maven\Repository\org\springframework\spring-jcl\5.0.6.RELEASE\spring-jcl-5.0.6.RELEASE.jar;F:\maven\Repository\org\springframework\spring-test\5.0.6.RELEASE\spring-test-5.0.6.RELEASE.jar;F:\maven\Repository\org\xmlunit\xmlunit-core\2.5.1\xmlunit-core-2.5.1.jar;F:\maven\Repository\io\springfox\springfox-swagger2\2.2.2\springfox-swagger2-2.2.2.jar;F:\maven\Repository\org\mapstruct\mapstruct\1.0.0.CR1\mapstruct-1.0.0.CR1.jar;F:\maven\Repository\io\swagger\swagger-annotations\1.5.3\swagger-annotations-1.5.3.jar;F:\maven\Repository\io\swagger\swagger-models\1.5.3\swagger-models-1.5.3.jar;F:\maven\Repository\com\fasterxml\jackson\core\jackson-annotations\2.9.0\jackson-annotations-2.9.0.jar;F:\maven\Repository\io\springfox\springfox-spi\2.2.2\springfox-spi-2.2.2.jar;F:\maven\Repository\io\springfox\springfox-core\2.2.2\springfox-core-2.2.2.jar;F:\maven\Repository\io\springfox\springfox-schema\2.2.2\springfox-schema-2.2.2.jar;F:\maven\Repository\io\springfox\springfox-swagger-common\2.2.2\springfox-swagger-common-2.2.2.jar;F:\maven\Repository\io\springfox\springfox-spring-web\2.2.2\springfox-spring-web-2.2.2.jar;F:\maven\Repository\com\google\guava\guava\18.0\guava-18.0.jar;F:\maven\Repository\com\fasterxml\classmate\1.3.4\classmate-1.3.4.jar;F:\maven\Repository\org\slf4j\slf4j-api\1.7.25\slf4j-api-1.7.25.jar;F:\maven\Repository\org\aspectj\aspectjrt\1.8.13\aspectjrt-1.8.13.jar;F:\maven\Repository\org\aspectj\aspectjweaver\1.8.13\aspectjweaver-1.8.13.jar;F:\maven\Repository\org\springframework\plugin\spring-plugin-core\1.2.0.RELEASE\spring-plugin-core-1.2.0.RELEASE.jar;F:\maven\Repository\org\springframework\plugin\spring-plugin-metadata\1.2.0.RELEASE\spring-plugin-metadata-1.2.0.RELEASE.jar;F:\maven\Repository\org\springframework\hateoas\spring-hateoas\0.24.0.RELEASE\spring-hateoas-0.24.0.RELEASE.jar;F:\maven\Repository\io\springfox\springfox-swagger-ui\2.2.2\springfox-swagger-ui-2.2.2.jar;F:\maven\Repository\org\mybatis\spring\boot\mybatis-spring-boot-starter\1.3.2\mybatis-spring-boot-starter-1.3.2.jar;F:\maven\Repository\org\springframework\boot\spring-boot-starter-jdbc\2.0.2.RELEASE\spring-boot-starter-jdbc-2.0.2.RELEASE.jar;F:\maven\Repository\com\zaxxer\HikariCP\2.7.9\HikariCP-2.7.9.jar;F:\maven\Repository\org\springframework\spring-jdbc\5.0.6.RELEASE\spring-jdbc-5.0.6.RELEASE.jar;F:\maven\Repository\org\springframework\spring-tx\5.0.6.RELEASE\spring-tx-5.0.6.RELEASE.jar;F:\maven\Repository\org\mybatis\spring\boot\mybatis-spring-boot-autoconfigure\1.3.2\mybatis-spring-boot-autoconfigure-1.3.2.jar;F:\maven\Repository\org\mybatis\mybatis\3.4.6\mybatis-3.4.6.jar;F:\maven\Repository\org\mybatis\mybatis-spring\1.3.2\mybatis-spring-1.3.2.jar;F:\maven\Repository\mysql\mysql-connector-java\5.1.46\mysql-connector-java-5.1.46.jar;"/>
    <property name="java.vm.vendor" value="Oracle Corporation"/>
    <property name="sun.arch.data.model" value="64"/>
    <property name="user.variant" value=""/>
    <property name="java.vendor.url" value="http://java.oracle.com/"/>
    <property name="user.timezone" value=""/>
    <property name="java.vm.specification.version" value="1.8"/>
    <property name="os.name" value="Windows 7"/>
    <property name="user.country" value="CN"/>
    <property name="sun.java.launcher" value="SUN_STANDARD"/>
    <property name="sun.boot.library.path" value="D:\Java\jdk1.8.0_144\jre\bin"/>
    <property name="sun.java.command" value="C:\Users\860617~1\AppData\Local\Temp\surefire6428108194245868194\surefirebooter1305435200109970803.jar C:\Users\860617201\AppData\Local\Temp\surefire6428108194245868194 2018-07-09T14-38-56_609-jvmRun1 surefire8170237944154256727tmp surefire_02959990576860333052tmp"/>
    <property name="surefire.test.class.path" value="F:\GitHub\llkRepository\springboot_llk\target\test-classes;F:\GitHub\llkRepository\springboot_llk\target\classes;F:\maven\Repository\org\springframework\boot\spring-boot-starter-web\2.0.2.RELEASE\spring-boot-starter-web-2.0.2.RELEASE.jar;F:\maven\Repository\org\springframework\boot\spring-boot-starter\2.0.2.RELEASE\spring-boot-starter-2.0.2.RELEASE.jar;F:\maven\Repository\org\springframework\boot\spring-boot\2.0.2.RELEASE\spring-boot-2.0.2.RELEASE.jar;F:\maven\Repository\org\springframework\boot\spring-boot-autoconfigure\2.0.2.RELEASE\spring-boot-autoconfigure-2.0.2.RELEASE.jar;F:\maven\Repository\org\yaml\snakeyaml\1.19\snakeyaml-1.19.jar;F:\maven\Repository\org\springframework\boot\spring-boot-starter-json\2.0.2.RELEASE\spring-boot-starter-json-2.0.2.RELEASE.jar;F:\maven\Repository\com\fasterxml\jackson\core\jackson-databind\2.9.5\jackson-databind-2.9.5.jar;F:\maven\Repository\com\fasterxml\jackson\core\jackson-core\2.9.5\jackson-core-2.9.5.jar;F:\maven\Repository\com\fasterxml\jackson\datatype\jackson-datatype-jdk8\2.9.5\jackson-datatype-jdk8-2.9.5.jar;F:\maven\Repository\com\fasterxml\jackson\datatype\jackson-datatype-jsr310\2.9.5\jackson-datatype-jsr310-2.9.5.jar;F:\maven\Repository\com\fasterxml\jackson\module\jackson-module-parameter-names\2.9.5\jackson-module-parameter-names-2.9.5.jar;F:\maven\Repository\org\hibernate\validator\hibernate-validator\6.0.9.Final\hibernate-validator-6.0.9.Final.jar;F:\maven\Repository\javax\validation\validation-api\2.0.1.Final\validation-api-2.0.1.Final.jar;F:\maven\Repository\org\jboss\logging\jboss-logging\3.3.2.Final\jboss-logging-3.3.2.Final.jar;F:\maven\Repository\org\springframework\spring-web\5.0.6.RELEASE\spring-web-5.0.6.RELEASE.jar;F:\maven\Repository\org\springframework\spring-beans\5.0.6.RELEASE\spring-beans-5.0.6.RELEASE.jar;F:\maven\Repository\org\springframework\spring-webmvc\5.0.6.RELEASE\spring-webmvc-5.0.6.RELEASE.jar;F:\maven\Repository\org\springframework\spring-aop\5.0.6.RELEASE\spring-aop-5.0.6.RELEASE.jar;F:\maven\Repository\org\springframework\spring-context\5.0.6.RELEASE\spring-context-5.0.6.RELEASE.jar;F:\maven\Repository\org\springframework\spring-expression\5.0.6.RELEASE\spring-expression-5.0.6.RELEASE.jar;F:\maven\Repository\org\springframework\boot\spring-boot-starter-log4j2\2.0.2.RELEASE\spring-boot-starter-log4j2-2.0.2.RELEASE.jar;F:\maven\Repository\org\apache\logging\log4j\log4j-slf4j-impl\2.10.0\log4j-slf4j-impl-2.10.0.jar;F:\maven\Repository\org\apache\logging\log4j\log4j-api\2.10.0\log4j-api-2.10.0.jar;F:\maven\Repository\org\apache\logging\log4j\log4j-core\2.10.0\log4j-core-2.10.0.jar;F:\maven\Repository\org\slf4j\jul-to-slf4j\1.7.25\jul-to-slf4j-1.7.25.jar;F:\maven\Repository\org\springframework\boot\spring-boot-starter-tomcat\2.0.2.RELEASE\spring-boot-starter-tomcat-2.0.2.RELEASE.jar;F:\maven\Repository\javax\annotation\javax.annotation-api\1.3.2\javax.annotation-api-1.3.2.jar;F:\maven\Repository\org\apache\tomcat\embed\tomcat-embed-core\8.5.31\tomcat-embed-core-8.5.31.jar;F:\maven\Repository\org\apache\tomcat\embed\tomcat-embed-el\8.5.31\tomcat-embed-el-8.5.31.jar;F:\maven\Repository\org\apache\tomcat\embed\tomcat-embed-websocket\8.5.31\tomcat-embed-websocket-8.5.31.jar;F:\maven\Repository\org\springframework\boot\spring-boot-starter-test\2.0.2.RELEASE\spring-boot-starter-test-2.0.2.RELEASE.jar;F:\maven\Repository\org\springframework\boot\spring-boot-test\2.0.2.RELEASE\spring-boot-test-2.0.2.RELEASE.jar;F:\maven\Repository\org\springframework\boot\spring-boot-test-autoconfigure\2.0.2.RELEASE\spring-boot-test-autoconfigure-2.0.2.RELEASE.jar;F:\maven\Repository\com\jayway\jsonpath\json-path\2.4.0\json-path-2.4.0.jar;F:\maven\Repository\net\minidev\json-smart\2.3\json-smart-2.3.jar;F:\maven\Repository\net\minidev\accessors-smart\1.2\accessors-smart-1.2.jar;F:\maven\Repository\org\ow2\asm\asm\5.0.4\asm-5.0.4.jar;F:\maven\Repository\junit\junit\4.12\junit-4.12.jar;F:\maven\Repository\org\assertj\assertj-core\3.9.1\assertj-core-3.9.1.jar;F:\maven\Repository\org\mockito\mockito-core\2.15.0\mockito-core-2.15.0.jar;F:\maven\Repository\net\bytebuddy\byte-buddy\1.7.11\byte-buddy-1.7.11.jar;F:\maven\Repository\net\bytebuddy\byte-buddy-agent\1.7.11\byte-buddy-agent-1.7.11.jar;F:\maven\Repository\org\objenesis\objenesis\2.6\objenesis-2.6.jar;F:\maven\Repository\org\hamcrest\hamcrest-core\1.3\hamcrest-core-1.3.jar;F:\maven\Repository\org\hamcrest\hamcrest-library\1.3\hamcrest-library-1.3.jar;F:\maven\Repository\org\skyscreamer\jsonassert\1.5.0\jsonassert-1.5.0.jar;F:\maven\Repository\com\vaadin\external\google\android-json\0.0.20131108.vaadin1\android-json-0.0.20131108.vaadin1.jar;F:\maven\Repository\org\springframework\spring-core\5.0.6.RELEASE\spring-core-5.0.6.RELEASE.jar;F:\maven\Repository\org\springframework\spring-jcl\5.0.6.RELEASE\spring-jcl-5.0.6.RELEASE.jar;F:\maven\Repository\org\springframework\spring-test\5.0.6.RELEASE\spring-test-5.0.6.RELEASE.jar;F:\maven\Repository\org\xmlunit\xmlunit-core\2.5.1\xmlunit-core-2.5.1.jar;F:\maven\Repository\io\springfox\springfox-swagger2\2.2.2\springfox-swagger2-2.2.2.jar;F:\maven\Repository\org\mapstruct\mapstruct\1.0.0.CR1\mapstruct-1.0.0.CR1.jar;F:\maven\Repository\io\swagger\swagger-annotations\1.5.3\swagger-annotations-1.5.3.jar;F:\maven\Repository\io\swagger\swagger-models\1.5.3\swagger-models-1.5.3.jar;F:\maven\Repository\com\fasterxml\jackson\core\jackson-annotations\2.9.0\jackson-annotations-2.9.0.jar;F:\maven\Repository\io\springfox\springfox-spi\2.2.2\springfox-spi-2.2.2.jar;F:\maven\Repository\io\springfox\springfox-core\2.2.2\springfox-core-2.2.2.jar;F:\maven\Repository\io\springfox\springfox-schema\2.2.2\springfox-schema-2.2.2.jar;F:\maven\Repository\io\springfox\springfox-swagger-common\2.2.2\springfox-swagger-common-2.2.2.jar;F:\maven\Repository\io\springfox\springfox-spring-web\2.2.2\springfox-spring-web-2.2.2.jar;F:\maven\Repository\com\google\guava\guava\18.0\guava-18.0.jar;F:\maven\Repository\com\fasterxml\classmate\1.3.4\classmate-1.3.4.jar;F:\maven\Repository\org\slf4j\slf4j-api\1.7.25\slf4j-api-1.7.25.jar;F:\maven\Repository\org\aspectj\aspectjrt\1.8.13\aspectjrt-1.8.13.jar;F:\maven\Repository\org\aspectj\aspectjweaver\1.8.13\aspectjweaver-1.8.13.jar;F:\maven\Repository\org\springframework\plugin\spring-plugin-core\1.2.0.RELEASE\spring-plugin-core-1.2.0.RELEASE.jar;F:\maven\Repository\org\springframework\plugin\spring-plugin-metadata\1.2.0.RELEASE\spring-plugin-metadata-1.2.0.RELEASE.jar;F:\maven\Repository\org\springframework\hateoas\spring-hateoas\0.24.0.RELEASE\spring-hateoas-0.24.0.RELEASE.jar;F:\maven\Repository\io\springfox\springfox-swagger-ui\2.2.2\springfox-swagger-ui-2.2.2.jar;F:\maven\Repository\org\mybatis\spring\boot\mybatis-spring-boot-starter\1.3.2\mybatis-spring-boot-starter-1.3.2.jar;F:\maven\Repository\org\springframework\boot\spring-boot-starter-jdbc\2.0.2.RELEASE\spring-boot-starter-jdbc-2.0.2.RELEASE.jar;F:\maven\Repository\com\zaxxer\HikariCP\2.7.9\HikariCP-2.7.9.jar;F:\maven\Repository\org\springframework\spring-jdbc\5.0.6.RELEASE\spring-jdbc-5.0.6.RELEASE.jar;F:\maven\Repository\org\springframework\spring-tx\5.0.6.RELEASE\spring-tx-5.0.6.RELEASE.jar;F:\maven\Repository\org\mybatis\spring\boot\mybatis-spring-boot-autoconfigure\1.3.2\mybatis-spring-boot-autoconfigure-1.3.2.jar;F:\maven\Repository\org\mybatis\mybatis\3.4.6\mybatis-3.4.6.jar;F:\maven\Repository\org\mybatis\mybatis-spring\1.3.2\mybatis-spring-1.3.2.jar;F:\maven\Repository\mysql\mysql-connector-java\5.1.46\mysql-connector-java-5.1.46.jar;"/>
    <property name="sun.cpu.endian" value="little"/>
    <property name="user.home" value="C:\Users\860617201"/>
    <property name="user.language" value="zh"/>
    <property name="java.specification.vendor" value="Oracle Corporation"/>
    <property name="java.home" value="D:\Java\jdk1.8.0_144\jre"/>
    <property name="basedir" value="F:\GitHub\llkRepository\springboot_llk"/>
    <property name="file.separator" value="\"/>
    <property name="line.separator" value="&#10;"/>
    <property name="java.vm.specification.vendor" value="Oracle Corporation"/>
    <property name="java.specification.name" value="Java Platform API Specification"/>
    <property name="java.awt.graphicsenv" value="sun.awt.Win32GraphicsEnvironment"/>
    <property name="surefire.real.class.path" value="C:\Users\860617~1\AppData\Local\Temp\surefire6428108194245868194\surefirebooter1305435200109970803.jar"/>
    <property name="sun.boot.class.path" value="D:\Java\jdk1.8.0_144\jre\lib\resources.jar;D:\Java\jdk1.8.0_144\jre\lib\rt.jar;D:\Java\jdk1.8.0_144\jre\lib\sunrsasign.jar;D:\Java\jdk1.8.0_144\jre\lib\jsse.jar;D:\Java\jdk1.8.0_144\jre\lib\jce.jar;D:\Java\jdk1.8.0_144\jre\lib\charsets.jar;D:\Java\jdk1.8.0_144\jre\lib\jfr.jar;D:\Java\jdk1.8.0_144\jre\classes"/>
    <property name="user.script" value=""/>
    <property name="sun.management.compiler" value="HotSpot 64-Bit Tiered Compilers"/>
    <property name="java.runtime.version" value="1.8.0_144-b01"/>
    <property name="user.name" value="860617201"/>
    <property name="path.separator" value=";"/>
    <property name="os.version" value="6.1"/>
    <property name="java.endorsed.dirs" value="D:\Java\jdk1.8.0_144\jre\lib\endorsed"/>
    <property name="java.runtime.name" value="Java(TM) SE Runtime Environment"/>
    <property name="file.encoding" value="GBK"/>
    <property name="java.vm.name" value="Java HotSpot(TM) 64-Bit Server VM"/>
    <property name="localRepository" value="F:\maven\Repository"/>
    <property name="java.vendor.url.bug" value="http://bugreport.sun.com/bugreport/"/>
    <property name="java.io.tmpdir" value="C:\Users\860617~1\AppData\Local\Temp\"/>
    <property name="java.version" value="1.8.0_144"/>
    <property name="user.dir" value="F:\GitHub\llkRepository\springboot_llk"/>
    <property name="os.arch" value="amd64"/>
    <property name="java.vm.specification.name" value="Java Virtual Machine Specification"/>
    <property name="java.awt.printerjob" value="sun.awt.windows.WPrinterJob"/>
    <property name="sun.os.patch.level" value="Service Pack 1"/>
    <property name="java.library.path" value="D:\Java\jdk1.8.0_144\jre\bin;C:\Windows\Sun\Java\bin;C:\Windows\system32;C:\Windows;D:/Java/jre1.8/bin/server;D:/Java/jre1.8/bin;D:/Java/jre1.8/lib/amd64;D:\Java\jdk1.8.0_144;D:\Java\jdk1.8.0_144\bin;D:\Java\jdk1.8.0_144\jre\bin;C:\ProgramData\Oracle\Java\javapath;C:\Windows\system32;C:\Windows;C:\Windows\System32\Wbem;C:\Windows\System32\WindowsPowerShell\v1.0\;D:\Git\cmd;D:\TortoiseSVN\bin;C:\Users\860617201\AppData\Local\GitHubDesktop\bin;C:\Program Files\Bandizip\;D:\tools\eclipse\eclipse_oxygen\eclipse;;."/>
    <property name="java.vm.info" value="mixed mode"/>
    <property name="java.vendor" value="Oracle Corporation"/>
    <property name="java.vm.version" value="25.144-b01"/>
    <property name="java.ext.dirs" value="D:\Java\jdk1.8.0_144\jre\lib\ext;C:\Windows\Sun\Java\lib\ext"/>
    <property name="sun.io.unicode.encoding" value="UnicodeLittle"/>
    <property name="java.class.version" value="52.0"/>
  </properties>
  <testcase name="contextLoads" classname="com.example.llk.SpringbootLlkApplicationTests" time="0.056"/>
</testsuite>